

*******************************************************************************
Tue Aug 18 14:28:47 2020


FIT:    data read from 'all_runs.csv' using 1:2
        format = x:z
        #datapoints = 18
        residuals are weighted equally (unit weight)

function used for fitting: f(x)
fitted parameters initialized with current variable values



 Iteration 0
 WSSR        : 1.92221e+11       delta(WSSR)/WSSR   : 0
 delta(WSSR) : 0                 limit for stopping : 1e-05
 lambda	  : 73071.6

initial set of free parameter values

m               = 1
b               = 1

After 8 iterations the fit converged.
final sum of squares of residuals : 0.176946
rel. change during last iteration : -9.72914e-08

degrees of freedom    (FIT_NDF)                        : 16
rms of residuals      (FIT_STDFIT) = sqrt(WSSR/ndf)    : 0.105162
variance of residuals (reduced chisquare) = WSSR/ndf   : 0.0110591

Final set of parameters            Asymptotic Standard Error
=======================            ==========================

m               = 5.76355e-06      +/- 3.921e-07    (6.803%)
b               = 0.0202504        +/- 0.04052      (200.1%)


correlation matrix of the fit parameters:

               m      b      
m               1.000 
b              -0.791  1.000 


*******************************************************************************
Tue Aug 18 14:29:37 2020


FIT:    data read from 'all_runs.csv' using 1:2
        format = x:z
        #datapoints = 18
        residuals are weighted equally (unit weight)

function used for fitting: f(x)
fitted parameters initialized with current variable values



 Iteration 0
 WSSR        : 1.92221e+11       delta(WSSR)/WSSR   : 0
 delta(WSSR) : 0                 limit for stopping : 1e-05
 lambda	  : 73071.6

initial set of free parameter values

m               = 1
b               = 1

After 8 iterations the fit converged.
final sum of squares of residuals : 0.176946
rel. change during last iteration : -9.72914e-08

degrees of freedom    (FIT_NDF)                        : 16
rms of residuals      (FIT_STDFIT) = sqrt(WSSR/ndf)    : 0.105162
variance of residuals (reduced chisquare) = WSSR/ndf   : 0.0110591

Final set of parameters            Asymptotic Standard Error
=======================            ==========================

m               = 5.76355e-06      +/- 3.921e-07    (6.803%)
b               = 0.0202504        +/- 0.04052      (200.1%)


correlation matrix of the fit parameters:

               m      b      
m               1.000 
b              -0.791  1.000 


*******************************************************************************
Tue Aug 18 14:30:24 2020


FIT:    data read from 'all_runs.csv' using 1:2
        format = x:z
        #datapoints = 18
        residuals are weighted equally (unit weight)

function used for fitting: f(x)
fitted parameters initialized with current variable values



 Iteration 0
 WSSR        : 1.92221e+11       delta(WSSR)/WSSR   : 0
 delta(WSSR) : 0                 limit for stopping : 1e-05
 lambda	  : 73071.6

initial set of free parameter values

m               = 1
b               = 1

After 8 iterations the fit converged.
final sum of squares of residuals : 0.176946
rel. change during last iteration : -9.72914e-08

degrees of freedom    (FIT_NDF)                        : 16
rms of residuals      (FIT_STDFIT) = sqrt(WSSR/ndf)    : 0.105162
variance of residuals (reduced chisquare) = WSSR/ndf   : 0.0110591

Final set of parameters            Asymptotic Standard Error
=======================            ==========================

m               = 5.76355e-06      +/- 3.921e-07    (6.803%)
b               = 0.0202504        +/- 0.04052      (200.1%)


correlation matrix of the fit parameters:

               m      b      
m               1.000 
b              -0.791  1.000 


*******************************************************************************
Tue Aug 18 14:30:45 2020


FIT:    data read from 'all_runs.csv' using 1:2
        format = x:z
        #datapoints = 18
        residuals are weighted equally (unit weight)

function used for fitting: f(x)
fitted parameters initialized with current variable values



 Iteration 0
 WSSR        : 1.92221e+11       delta(WSSR)/WSSR   : 0
 delta(WSSR) : 0                 limit for stopping : 1e-05
 lambda	  : 73071.6

initial set of free parameter values

m               = 1
b               = 1

After 8 iterations the fit converged.
final sum of squares of residuals : 0.176946
rel. change during last iteration : -9.72914e-08

degrees of freedom    (FIT_NDF)                        : 16
rms of residuals      (FIT_STDFIT) = sqrt(WSSR/ndf)    : 0.105162
variance of residuals (reduced chisquare) = WSSR/ndf   : 0.0110591

Final set of parameters            Asymptotic Standard Error
=======================            ==========================

m               = 5.76355e-06      +/- 3.921e-07    (6.803%)
b               = 0.0202504        +/- 0.04052      (200.1%)


correlation matrix of the fit parameters:

               m      b      
m               1.000 
b              -0.791  1.000 


*******************************************************************************
Tue Aug 18 14:52:04 2020


FIT:    data read from 'pins.csv' using 1:2
        format = x:z
        #datapoints = 36
        residuals are weighted equally (unit weight)

function used for fitting: f(x)
fitted parameters initialized with current variable values



 Iteration 0
 WSSR        : 4.44144e+06       delta(WSSR)/WSSR   : 0
 delta(WSSR) : 0                 limit for stopping : 1e-05
 lambda	  : 248.166

initial set of free parameter values

m               = 1
b               = 1

After 5 iterations the fit converged.
final sum of squares of residuals : 5.52957
rel. change during last iteration : -4.59265e-07

degrees of freedom    (FIT_NDF)                        : 34
rms of residuals      (FIT_STDFIT) = sqrt(WSSR/ndf)    : 0.40328
variance of residuals (reduced chisquare) = WSSR/ndf   : 0.162635

Final set of parameters            Asymptotic Standard Error
=======================            ==========================

m               = 0.000163973      +/- 0.0002547    (155.3%)
b               = 0.4773           +/- 0.08939      (18.73%)


correlation matrix of the fit parameters:

               m      b      
m               1.000 
b              -0.659  1.000 
